This is pdfTeX, Version 3.141592653-2.6-1.40.25 (MiKTeX 23.5) (preloaded format=pdflatex 2023.6.12)  12 JUN 2023 02:24
entering extended mode
 restricted \write18 enabled.
 file:line:error style messages enabled.
 %&-line parsing enabled.
**"c:/Users/mauro/OneDrive/Escritorio/Programación/Evaluación 2 Técnicas de conteo/E2TConteo/evaluacion.tex"
(c:/Users/mauro/OneDrive/Escritorio/Programación/Evaluación 2 Técnicas de conteo/E2TConteo/evaluacion.tex
LaTeX2e <2022-11-01> patch level 1
L3 programming layer <2023-05-15> (C:\Users\mauro\AppData\Local\Programs\MiKTeX\tex/latex/base\book.cls
Document Class: book 2022/07/02 v1.4n Standard LaTeX document class
(C:\Users\mauro\AppData\Local\Programs\MiKTeX\tex/latex/base\bk11.clo
File: bk11.clo 2022/07/02 v1.4n Standard LaTeX file (size option)
)
\c@part=\count185
\c@chapter=\count186
\c@section=\count187
\c@subsection=\count188
\c@subsubsection=\count189
\c@paragraph=\count190
\c@subparagraph=\count191
\c@figure=\count192
\c@table=\count193
\abovecaptionskip=\skip48
\belowcaptionskip=\skip49
\bibindent=\dimen140
) (C:\Users\mauro\AppData\Local\Programs\MiKTeX\tex/latex/pgfplots\pgfplots.sty (C:\Users\mauro\AppData\Local\Programs\MiKTeX\tex/generic/pgfplots\pgfplots.revision.tex)
Package: pgfplots 2021/05/15 v1.18.1 Data Visualization (1.18.1)
 (C:\Users\mauro\AppData\Local\Programs\MiKTeX\tex/latex/graphics\graphicx.sty
Package: graphicx 2021/09/16 v1.2d Enhanced LaTeX Graphics (DPC,SPQR)
 (C:\Users\mauro\AppData\Local\Programs\MiKTeX\tex/latex/graphics\keyval.sty
Package: keyval 2022/05/29 v1.15 key=value parser (DPC)
\KV@toks@=\toks16
) (C:\Users\mauro\AppData\Local\Programs\MiKTeX\tex/latex/graphics\graphics.sty
Package: graphics 2022/03/10 v1.4e Standard LaTeX Graphics (DPC,SPQR)
 (C:\Users\mauro\AppData\Local\Programs\MiKTeX\tex/latex/graphics\trig.sty
Package: trig 2021/08/11 v1.11 sin cos tan (DPC)
) (C:\Users\mauro\AppData\Local\Programs\MiKTeX\tex/latex/graphics-cfg\graphics.cfg
File: graphics.cfg 2016/06/04 v1.11 sample graphics configuration
)
Package graphics Info: Driver file: pdftex.def on input line 107.
 (C:\Users\mauro\AppData\Local\Programs\MiKTeX\tex/latex/graphics-def\pdftex.def
File: pdftex.def 2022/09/22 v1.2b Graphics/color driver for pdftex
))
\Gin@req@height=\dimen141
\Gin@req@width=\dimen142
) (C:\Users\mauro\AppData\Local\Programs\MiKTeX\tex/latex/pgf/frontendlayer\tikz.sty (C:\Users\mauro\AppData\Local\Programs\MiKTeX\tex/latex/pgf/basiclayer\pgf.sty (C:\Users\mauro\AppData\Local\Programs\MiKTeX\tex/latex/pgf/utilities\pgfrcs.sty (C:\Users\mauro\AppData\Local\Programs\MiKTeX\tex/generic/pgf/utilities\pgfutil-common.tex
\pgfutil@everybye=\toks17
\pgfutil@tempdima=\dimen143
\pgfutil@tempdimb=\dimen144
) (C:\Users\mauro\AppData\Local\Programs\MiKTeX\tex/generic/pgf/utilities\pgfutil-latex.def
\pgfutil@abb=\box51
) (C:\Users\mauro\AppData\Local\Programs\MiKTeX\tex/generic/pgf/utilities\pgfrcs.code.tex (C:\Users\mauro\AppData\Local\Programs\MiKTeX\tex/generic/pgf\pgf.revision.tex)
Package: pgfrcs 2023-01-15 v3.1.10 (3.1.10)
))
Package: pgf 2023-01-15 v3.1.10 (3.1.10)
 (C:\Users\mauro\AppData\Local\Programs\MiKTeX\tex/latex/pgf/basiclayer\pgfcore.sty (C:\Users\mauro\AppData\Local\Programs\MiKTeX\tex/latex/pgf/systemlayer\pgfsys.sty (C:\Users\mauro\AppData\Local\Programs\MiKTeX\tex/generic/pgf/systemlayer\pgfsys.code.tex
Package: pgfsys 2023-01-15 v3.1.10 (3.1.10)
 (C:\Users\mauro\AppData\Local\Programs\MiKTeX\tex/generic/pgf/utilities\pgfkeys.code.tex
\pgfkeys@pathtoks=\toks18
\pgfkeys@temptoks=\toks19
 (C:\Users\mauro\AppData\Local\Programs\MiKTeX\tex/generic/pgf/utilities\pgfkeyslibraryfiltered.code.tex
\pgfkeys@tmptoks=\toks20
))
\pgf@x=\dimen145
\pgf@y=\dimen146
\pgf@xa=\dimen147
\pgf@ya=\dimen148
\pgf@xb=\dimen149
\pgf@yb=\dimen150
\pgf@xc=\dimen151
\pgf@yc=\dimen152
\pgf@xd=\dimen153
\pgf@yd=\dimen154
\w@pgf@writea=\write3
\r@pgf@reada=\read2
\c@pgf@counta=\count194
\c@pgf@countb=\count195
\c@pgf@countc=\count196
\c@pgf@countd=\count197
\t@pgf@toka=\toks21
\t@pgf@tokb=\toks22
\t@pgf@tokc=\toks23
\pgf@sys@id@count=\count198
 (C:\Users\mauro\AppData\Local\Programs\MiKTeX\tex/generic/pgf/systemlayer\pgf.cfg
File: pgf.cfg 2023-01-15 v3.1.10 (3.1.10)
)
Driver file for pgf: pgfsys-pdftex.def
 (C:\Users\mauro\AppData\Local\Programs\MiKTeX\tex/generic/pgf/systemlayer\pgfsys-pdftex.def
File: pgfsys-pdftex.def 2023-01-15 v3.1.10 (3.1.10)
 (C:\Users\mauro\AppData\Local\Programs\MiKTeX\tex/generic/pgf/systemlayer\pgfsys-common-pdf.def
File: pgfsys-common-pdf.def 2023-01-15 v3.1.10 (3.1.10)
))) (C:\Users\mauro\AppData\Local\Programs\MiKTeX\tex/generic/pgf/systemlayer\pgfsyssoftpath.code.tex
File: pgfsyssoftpath.code.tex 2023-01-15 v3.1.10 (3.1.10)
\pgfsyssoftpath@smallbuffer@items=\count199
\pgfsyssoftpath@bigbuffer@items=\count266
) (C:\Users\mauro\AppData\Local\Programs\MiKTeX\tex/generic/pgf/systemlayer\pgfsysprotocol.code.tex
File: pgfsysprotocol.code.tex 2023-01-15 v3.1.10 (3.1.10)
)) (C:\Users\mauro\AppData\Local\Programs\MiKTeX\tex/latex/xcolor\xcolor.sty
Package: xcolor 2022/06/12 v2.14 LaTeX color extensions (UK)
 (C:\Users\mauro\AppData\Local\Programs\MiKTeX\tex/latex/graphics-cfg\color.cfg
File: color.cfg 2016/01/02 v1.6 sample color configuration
)
Package xcolor Info: Driver file: pdftex.def on input line 227.
 (C:\Users\mauro\AppData\Local\Programs\MiKTeX\tex/latex/graphics\mathcolor.ltx)
Package xcolor Info: Model `cmy' substituted by `cmy0' on input line 1353.
Package xcolor Info: Model `hsb' substituted by `rgb' on input line 1357.
Package xcolor Info: Model `RGB' extended on input line 1369.
Package xcolor Info: Model `HTML' substituted by `rgb' on input line 1371.
Package xcolor Info: Model `Hsb' substituted by `hsb' on input line 1372.
Package xcolor Info: Model `tHsb' substituted by `hsb' on input line 1373.
Package xcolor Info: Model `HSB' substituted by `hsb' on input line 1374.
Package xcolor Info: Model `Gray' substituted by `gray' on input line 1375.
Package xcolor Info: Model `wave' substituted by `hsb' on input line 1376.
) (C:\Users\mauro\AppData\Local\Programs\MiKTeX\tex/generic/pgf/basiclayer\pgfcore.code.tex
Package: pgfcore 2023-01-15 v3.1.10 (3.1.10)
 (C:\Users\mauro\AppData\Local\Programs\MiKTeX\tex/generic/pgf/math\pgfmath.code.tex (C:\Users\mauro\AppData\Local\Programs\MiKTeX\tex/generic/pgf/math\pgfmathutil.code.tex) (C:\Users\mauro\AppData\Local\Programs\MiKTeX\tex/generic/pgf/math\pgfmathparser.code.tex
\pgfmath@dimen=\dimen155
\pgfmath@count=\count267
\pgfmath@box=\box52
\pgfmath@toks=\toks24
\pgfmath@stack@operand=\toks25
\pgfmath@stack@operation=\toks26
) (C:\Users\mauro\AppData\Local\Programs\MiKTeX\tex/generic/pgf/math\pgfmathfunctions.code.tex) (C:\Users\mauro\AppData\Local\Programs\MiKTeX\tex/generic/pgf/math\pgfmathfunctions.basic.code.tex) (C:\Users\mauro\AppData\Local\Programs\MiKTeX\tex/generic/pgf/math\pgfmathfunctions.trigonometric.code.tex) (C:\Users\mauro\AppData\Local\Programs\MiKTeX\tex/generic/pgf/math\pgfmathfunctions.random.code.tex) (C:\Users\mauro\AppData\Local\Programs\MiKTeX\tex/generic/pgf/math\pgfmathfunctions.comparison.code.tex) (C:\Users\mauro\AppData\Local\Programs\MiKTeX\tex/generic/pgf/math\pgfmathfunctions.base.code.tex) (C:\Users\mauro\AppData\Local\Programs\MiKTeX\tex/generic/pgf/math\pgfmathfunctions.round.code.tex) (C:\Users\mauro\AppData\Local\Programs\MiKTeX\tex/generic/pgf/math\pgfmathfunctions.misc.code.tex) (C:\Users\mauro\AppData\Local\Programs\MiKTeX\tex/generic/pgf/math\pgfmathfunctions.integerarithmetics.code.tex) (C:\Users\mauro\AppData\Local\Programs\MiKTeX\tex/generic/pgf/math\pgfmathcalc.code.tex) (C:\Users\mauro\AppData\Local\Programs\MiKTeX\tex/generic/pgf/math\pgfmathfloat.code.tex
\c@pgfmathroundto@lastzeros=\count268
)) (C:\Users\mauro\AppData\Local\Programs\MiKTeX\tex/generic/pgf/math\pgfint.code.tex) (C:\Users\mauro\AppData\Local\Programs\MiKTeX\tex/generic/pgf/basiclayer\pgfcorepoints.code.tex
File: pgfcorepoints.code.tex 2023-01-15 v3.1.10 (3.1.10)
\pgf@picminx=\dimen156
\pgf@picmaxx=\dimen157
\pgf@picminy=\dimen158
\pgf@picmaxy=\dimen159
\pgf@pathminx=\dimen160
\pgf@pathmaxx=\dimen161
\pgf@pathminy=\dimen162
\pgf@pathmaxy=\dimen163
\pgf@xx=\dimen164
\pgf@xy=\dimen165
\pgf@yx=\dimen166
\pgf@yy=\dimen167
\pgf@zx=\dimen168
\pgf@zy=\dimen169
) (C:\Users\mauro\AppData\Local\Programs\MiKTeX\tex/generic/pgf/basiclayer\pgfcorepathconstruct.code.tex
File: pgfcorepathconstruct.code.tex 2023-01-15 v3.1.10 (3.1.10)
\pgf@path@lastx=\dimen170
\pgf@path@lasty=\dimen171
) (C:\Users\mauro\AppData\Local\Programs\MiKTeX\tex/generic/pgf/basiclayer\pgfcorepathusage.code.tex
File: pgfcorepathusage.code.tex 2023-01-15 v3.1.10 (3.1.10)
\pgf@shorten@end@additional=\dimen172
\pgf@shorten@start@additional=\dimen173
) (C:\Users\mauro\AppData\Local\Programs\MiKTeX\tex/generic/pgf/basiclayer\pgfcorescopes.code.tex
File: pgfcorescopes.code.tex 2023-01-15 v3.1.10 (3.1.10)
\pgfpic=\box53
\pgf@hbox=\box54
\pgf@layerbox@main=\box55
\pgf@picture@serial@count=\count269
) (C:\Users\mauro\AppData\Local\Programs\MiKTeX\tex/generic/pgf/basiclayer\pgfcoregraphicstate.code.tex
File: pgfcoregraphicstate.code.tex 2023-01-15 v3.1.10 (3.1.10)
\pgflinewidth=\dimen174
) (C:\Users\mauro\AppData\Local\Programs\MiKTeX\tex/generic/pgf/basiclayer\pgfcoretransformations.code.tex
File: pgfcoretransformations.code.tex 2023-01-15 v3.1.10 (3.1.10)
\pgf@pt@x=\dimen175
\pgf@pt@y=\dimen176
\pgf@pt@temp=\dimen177
) (C:\Users\mauro\AppData\Local\Programs\MiKTeX\tex/generic/pgf/basiclayer\pgfcorequick.code.tex
File: pgfcorequick.code.tex 2023-01-15 v3.1.10 (3.1.10)
) (C:\Users\mauro\AppData\Local\Programs\MiKTeX\tex/generic/pgf/basiclayer\pgfcoreobjects.code.tex
File: pgfcoreobjects.code.tex 2023-01-15 v3.1.10 (3.1.10)
) (C:\Users\mauro\AppData\Local\Programs\MiKTeX\tex/generic/pgf/basiclayer\pgfcorepathprocessing.code.tex
File: pgfcorepathprocessing.code.tex 2023-01-15 v3.1.10 (3.1.10)
) (C:\Users\mauro\AppData\Local\Programs\MiKTeX\tex/generic/pgf/basiclayer\pgfcorearrows.code.tex
File: pgfcorearrows.code.tex 2023-01-15 v3.1.10 (3.1.10)
\pgfarrowsep=\dimen178
) (C:\Users\mauro\AppData\Local\Programs\MiKTeX\tex/generic/pgf/basiclayer\pgfcoreshade.code.tex
File: pgfcoreshade.code.tex 2023-01-15 v3.1.10 (3.1.10)
\pgf@max=\dimen179
\pgf@sys@shading@range@num=\count270
\pgf@shadingcount=\count271
) (C:\Users\mauro\AppData\Local\Programs\MiKTeX\tex/generic/pgf/basiclayer\pgfcoreimage.code.tex
File: pgfcoreimage.code.tex 2023-01-15 v3.1.10 (3.1.10)
) (C:\Users\mauro\AppData\Local\Programs\MiKTeX\tex/generic/pgf/basiclayer\pgfcoreexternal.code.tex
File: pgfcoreexternal.code.tex 2023-01-15 v3.1.10 (3.1.10)
\pgfexternal@startupbox=\box56
) (C:\Users\mauro\AppData\Local\Programs\MiKTeX\tex/generic/pgf/basiclayer\pgfcorelayers.code.tex
File: pgfcorelayers.code.tex 2023-01-15 v3.1.10 (3.1.10)
) (C:\Users\mauro\AppData\Local\Programs\MiKTeX\tex/generic/pgf/basiclayer\pgfcoretransparency.code.tex
File: pgfcoretransparency.code.tex 2023-01-15 v3.1.10 (3.1.10)
) (C:\Users\mauro\AppData\Local\Programs\MiKTeX\tex/generic/pgf/basiclayer\pgfcorepatterns.code.tex
File: pgfcorepatterns.code.tex 2023-01-15 v3.1.10 (3.1.10)
) (C:\Users\mauro\AppData\Local\Programs\MiKTeX\tex/generic/pgf/basiclayer\pgfcorerdf.code.tex
File: pgfcorerdf.code.tex 2023-01-15 v3.1.10 (3.1.10)
))) (C:\Users\mauro\AppData\Local\Programs\MiKTeX\tex/generic/pgf/modules\pgfmoduleshapes.code.tex
File: pgfmoduleshapes.code.tex 2023-01-15 v3.1.10 (3.1.10)
\pgfnodeparttextbox=\box57
) (C:\Users\mauro\AppData\Local\Programs\MiKTeX\tex/generic/pgf/modules\pgfmoduleplot.code.tex
File: pgfmoduleplot.code.tex 2023-01-15 v3.1.10 (3.1.10)
) (C:\Users\mauro\AppData\Local\Programs\MiKTeX\tex/latex/pgf/compatibility\pgfcomp-version-0-65.sty
Package: pgfcomp-version-0-65 2023-01-15 v3.1.10 (3.1.10)
\pgf@nodesepstart=\dimen180
\pgf@nodesepend=\dimen181
) (C:\Users\mauro\AppData\Local\Programs\MiKTeX\tex/latex/pgf/compatibility\pgfcomp-version-1-18.sty
Package: pgfcomp-version-1-18 2023-01-15 v3.1.10 (3.1.10)
)) (C:\Users\mauro\AppData\Local\Programs\MiKTeX\tex/latex/pgf/utilities\pgffor.sty (C:\Users\mauro\AppData\Local\Programs\MiKTeX\tex/latex/pgf/utilities\pgfkeys.sty (C:\Users\mauro\AppData\Local\Programs\MiKTeX\tex/generic/pgf/utilities\pgfkeys.code.tex)) (C:\Users\mauro\AppData\Local\Programs\MiKTeX\tex/latex/pgf/math\pgfmath.sty (C:\Users\mauro\AppData\Local\Programs\MiKTeX\tex/generic/pgf/math\pgfmath.code.tex)) (C:\Users\mauro\AppData\Local\Programs\MiKTeX\tex/generic/pgf/utilities\pgffor.code.tex
Package: pgffor 2023-01-15 v3.1.10 (3.1.10)
\pgffor@iter=\dimen182
\pgffor@skip=\dimen183
\pgffor@stack=\toks27
\pgffor@toks=\toks28
)) (C:\Users\mauro\AppData\Local\Programs\MiKTeX\tex/generic/pgf/frontendlayer/tikz\tikz.code.tex
Package: tikz 2023-01-15 v3.1.10 (3.1.10)
 (C:\Users\mauro\AppData\Local\Programs\MiKTeX\tex/generic/pgf/libraries\pgflibraryplothandlers.code.tex
File: pgflibraryplothandlers.code.tex 2023-01-15 v3.1.10 (3.1.10)
\pgf@plot@mark@count=\count272
\pgfplotmarksize=\dimen184
)
\tikz@lastx=\dimen185
\tikz@lasty=\dimen186
\tikz@lastxsaved=\dimen187
\tikz@lastysaved=\dimen188
\tikz@lastmovetox=\dimen189
\tikz@lastmovetoy=\dimen190
\tikzleveldistance=\dimen191
\tikzsiblingdistance=\dimen192
\tikz@figbox=\box58
\tikz@figbox@bg=\box59
\tikz@tempbox=\box60
\tikz@tempbox@bg=\box61
\tikztreelevel=\count273
\tikznumberofchildren=\count274
\tikznumberofcurrentchild=\count275
\tikz@fig@count=\count276
 (C:\Users\mauro\AppData\Local\Programs\MiKTeX\tex/generic/pgf/modules\pgfmodulematrix.code.tex
File: pgfmodulematrix.code.tex 2023-01-15 v3.1.10 (3.1.10)
\pgfmatrixcurrentrow=\count277
\pgfmatrixcurrentcolumn=\count278
\pgf@matrix@numberofcolumns=\count279
)
\tikz@expandcount=\count280
 (C:\Users\mauro\AppData\Local\Programs\MiKTeX\tex/generic/pgf/frontendlayer/tikz/libraries\tikzlibrarytopaths.code.tex
File: tikzlibrarytopaths.code.tex 2023-01-15 v3.1.10 (3.1.10)
))) (C:\Users\mauro\AppData\Local\Programs\MiKTeX\tex/generic/pgfplots\pgfplots.code.tex (C:\Users\mauro\AppData\Local\Programs\MiKTeX\tex/generic/pgfplots\pgfplotscore.code.tex
\t@pgfplots@toka=\toks29
\t@pgfplots@tokb=\toks30
\t@pgfplots@tokc=\toks31
\pgfplots@tmpa=\dimen193
\c@pgfplots@coordindex=\count281
\c@pgfplots@scanlineindex=\count282
 (C:\Users\mauro\AppData\Local\Programs\MiKTeX\tex/generic/pgfplots/sys\pgfplotssysgeneric.code.tex)) (C:\Users\mauro\AppData\Local\Programs\MiKTeX\tex/generic/pgfplots/libs\pgfplotslibrary.code.tex) (C:\Users\mauro\AppData\Local\Programs\MiKTeX\tex/generic/pgfplots/oldpgfcompatib\pgfplotsoldpgfsupp_loader.code.tex (C:\Users\mauro\AppData\Local\Programs\MiKTeX\tex/generic/pgf/libraries\pgflibraryfpu.code.tex)
Package pgfplots: loading complementary utilities for your pgf version...
\t@pgf@toka=\toks32
\t@pgf@tokb=\toks33
\t@pgf@tokc=\toks34
(C:\Users\mauro\AppData\Local\Programs\MiKTeX\tex/generic/pgfplots/oldpgfcompatib\pgfplotsoldpgfsupp_pgfutil-common-lists.tex)) (C:\Users\mauro\AppData\Local\Programs\MiKTeX\tex/generic/pgfplots/util\pgfplotsutil.code.tex (C:\Users\mauro\AppData\Local\Programs\MiKTeX\tex/generic/pgfplots/liststructure\pgfplotsliststructure.code.tex) (C:\Users\mauro\AppData\Local\Programs\MiKTeX\tex/generic/pgfplots/liststructure\pgfplotsliststructureext.code.tex) (C:\Users\mauro\AppData\Local\Programs\MiKTeX\tex/generic/pgfplots/liststructure\pgfplotsarray.code.tex
\c@pgfplotsarray@tmp=\count283
) (C:\Users\mauro\AppData\Local\Programs\MiKTeX\tex/generic/pgfplots/liststructure\pgfplotsmatrix.code.tex) (C:\Users\mauro\AppData\Local\Programs\MiKTeX\tex/generic/pgfplots/numtable\pgfplotstableshared.code.tex
\c@pgfplotstable@counta=\count284
\t@pgfplotstable@a=\toks35
) (C:\Users\mauro\AppData\Local\Programs\MiKTeX\tex/generic/pgfplots/liststructure\pgfplotsdeque.code.tex) (C:\Users\mauro\AppData\Local\Programs\MiKTeX\tex/generic/pgfplots/util\pgfplotsbinary.code.tex (C:\Users\mauro\AppData\Local\Programs\MiKTeX\tex/generic/pgfplots/util\pgfplotsbinary.data.code.tex)) (C:\Users\mauro\AppData\Local\Programs\MiKTeX\tex/generic/pgfplots/util\pgfplotsutil.verb.code.tex) (C:\Users\mauro\AppData\Local\Programs\MiKTeX\tex/generic/pgfplots/libs\pgflibrarypgfplots.surfshading.code.tex
\c@pgfplotslibrarysurf@no=\count285
 (C:\Users\mauro\AppData\Local\Programs\MiKTeX\tex/generic/pgfplots/sys\pgflibrarypgfplots.surfshading.pgfsys-pdftex.def))) (C:\Users\mauro\AppData\Local\Programs\MiKTeX\tex/generic/pgfplots/util\pgfplotscolormap.code.tex (C:\Users\mauro\AppData\Local\Programs\MiKTeX\tex/generic/pgfplots/util\pgfplotscolor.code.tex)) (C:\Users\mauro\AppData\Local\Programs\MiKTeX\tex/generic/pgfplots\pgfplotsstackedplots.code.tex) (C:\Users\mauro\AppData\Local\Programs\MiKTeX\tex/generic/pgfplots\pgfplotsplothandlers.code.tex (C:\Users\mauro\AppData\Local\Programs\MiKTeX\tex/generic/pgfplots\pgfplotsmeshplothandler.code.tex (C:\Users\mauro\AppData\Local\Programs\MiKTeX\tex/generic/pgfplots\pgfplotsmeshplotimage.code.tex))) (C:\Users\mauro\AppData\Local\Programs\MiKTeX\tex/generic/pgfplots\pgfplots.scaling.code.tex) (C:\Users\mauro\AppData\Local\Programs\MiKTeX\tex/generic/pgfplots\pgfplotscoordprocessing.code.tex) (C:\Users\mauro\AppData\Local\Programs\MiKTeX\tex/generic/pgfplots\pgfplots.errorbars.code.tex) (C:\Users\mauro\AppData\Local\Programs\MiKTeX\tex/generic/pgfplots\pgfplots.markers.code.tex) (C:\Users\mauro\AppData\Local\Programs\MiKTeX\tex/generic/pgfplots\pgfplotsticks.code.tex) (C:\Users\mauro\AppData\Local\Programs\MiKTeX\tex/generic/pgfplots\pgfplots.paths.code.tex) (C:\Users\mauro\AppData\Local\Programs\MiKTeX\tex/generic/pgf/frontendlayer/tikz/libraries\tikzlibrarydecorations.code.tex (C:\Users\mauro\AppData\Local\Programs\MiKTeX\tex/generic/pgf/modules\pgfmoduledecorations.code.tex
\pgfdecoratedcompleteddistance=\dimen194
\pgfdecoratedremainingdistance=\dimen195
\pgfdecoratedinputsegmentcompleteddistance=\dimen196
\pgfdecoratedinputsegmentremainingdistance=\dimen197
\pgf@decorate@distancetomove=\dimen198
\pgf@decorate@repeatstate=\count286
\pgfdecorationsegmentamplitude=\dimen199
\pgfdecorationsegmentlength=\dimen256
)
\tikz@lib@dec@box=\box62
) (C:\Users\mauro\AppData\Local\Programs\MiKTeX\tex/generic/pgf/frontendlayer/tikz/libraries\tikzlibrarydecorations.pathmorphing.code.tex (C:\Users\mauro\AppData\Local\Programs\MiKTeX\tex/generic/pgf/libraries/decorations\pgflibrarydecorations.pathmorphing.code.tex)) (C:\Users\mauro\AppData\Local\Programs\MiKTeX\tex/generic/pgf/frontendlayer/tikz/libraries\tikzlibrarydecorations.pathreplacing.code.tex (C:\Users\mauro\AppData\Local\Programs\MiKTeX\tex/generic/pgf/libraries/decorations\pgflibrarydecorations.pathreplacing.code.tex)) (C:\Users\mauro\AppData\Local\Programs\MiKTeX\tex/generic/pgfplots/libs\tikzlibrarypgfplots.contourlua.code.tex)
\pgfplots@numplots=\count287
\pgfplots@xmin@reg=\dimen257
\pgfplots@xmax@reg=\dimen258
\pgfplots@ymin@reg=\dimen259
\pgfplots@ymax@reg=\dimen260
\pgfplots@zmin@reg=\dimen261
\pgfplots@zmax@reg=\dimen262
) (C:\Users\mauro\AppData\Local\Programs\MiKTeX\tex/generic/pgf/frontendlayer/tikz/libraries\tikzlibraryplotmarks.code.tex
File: tikzlibraryplotmarks.code.tex 2023-01-15 v3.1.10 (3.1.10)
 (C:\Users\mauro\AppData\Local\Programs\MiKTeX\tex/generic/pgf/libraries\pgflibraryplotmarks.code.tex
File: pgflibraryplotmarks.code.tex 2023-01-15 v3.1.10 (3.1.10)
))) (C:\Users\mauro\AppData\Local\Programs\MiKTeX\tex/latex/base\inputenc.sty
Package: inputenc 2021/02/14 v1.3d Input encoding file
\inpenc@prehook=\toks36
\inpenc@posthook=\toks37
) (C:\Users\mauro\AppData\Local\Programs\MiKTeX\tex/generic/babel\babel.sty
Package: babel 2023/05/11 v3.89 The Babel package
\babel@savecnt=\count288
\U@D=\dimen263
\l@unhyphenated=\language79
 (C:\Users\mauro\AppData\Local\Programs\MiKTeX\tex/generic/babel\txtbabel.def)
\bbl@readstream=\read3
\bbl@dirlevel=\count289

*************************************
* Local config file bblopts.cfg used
*
(C:\Users\mauro\AppData\Local\Programs\MiKTeX\tex/latex/arabi\bblopts.cfg
File: bblopts.cfg 2005/09/08 v0.1 add Arabic and Farsi to "declared" options of babel
) (C:\Users\mauro\AppData\Local\Programs\MiKTeX\tex/latex/babel-spanish\spanish.ldf
Language: spanish.ldf 2021/05/27 v5.0q Spanish support from the babel system
\es@quottoks=\toks38
\es@quotdepth=\count290
Package babel Info: Making " an active character on input line 570.
Package babel Info: Making . an active character on input line 675.
Package babel Info: Making < an active character on input line 722.
Package babel Info: Making > an active character on input line 722.
)) (C:\Users\mauro\AppData\Local\Programs\MiKTeX\tex/generic/babel/locale/es\babel-spanish.tex
Package babel Info: Importing font and identification data for spanish
(babel)             from babel-es.ini. Reported on input line 11.
) (C:\Users\mauro\AppData\Local\Programs\MiKTeX\tex/latex/amsmath\amsmath.sty
Package: amsmath 2022/04/08 v2.17n AMS math features
\@mathmargin=\skip50

For additional information on amsmath, use the `?' option.
(C:\Users\mauro\AppData\Local\Programs\MiKTeX\tex/latex/amsmath\amstext.sty
Package: amstext 2021/08/26 v2.01 AMS text
 (C:\Users\mauro\AppData\Local\Programs\MiKTeX\tex/latex/amsmath\amsgen.sty
File: amsgen.sty 1999/11/30 v2.0 generic functions
\@emptytoks=\toks39
\ex@=\dimen264
)) (C:\Users\mauro\AppData\Local\Programs\MiKTeX\tex/latex/amsmath\amsbsy.sty
Package: amsbsy 1999/11/29 v1.2d Bold Symbols
\pmbraise@=\dimen265
) (C:\Users\mauro\AppData\Local\Programs\MiKTeX\tex/latex/amsmath\amsopn.sty
Package: amsopn 2022/04/08 v2.04 operator names
)
\inf@bad=\count291
LaTeX Info: Redefining \frac on input line 234.
\uproot@=\count292
\leftroot@=\count293
LaTeX Info: Redefining \overline on input line 399.
LaTeX Info: Redefining \colon on input line 410.
\classnum@=\count294
\DOTSCASE@=\count295
LaTeX Info: Redefining \ldots on input line 496.
LaTeX Info: Redefining \dots on input line 499.
LaTeX Info: Redefining \cdots on input line 620.
\Mathstrutbox@=\box63
\strutbox@=\box64
LaTeX Info: Redefining \big on input line 722.
LaTeX Info: Redefining \Big on input line 723.
LaTeX Info: Redefining \bigg on input line 724.
LaTeX Info: Redefining \Bigg on input line 725.
\big@size=\dimen266
LaTeX Font Info:    Redeclaring font encoding OML on input line 743.
LaTeX Font Info:    Redeclaring font encoding OMS on input line 744.
\macc@depth=\count296
LaTeX Info: Redefining \bmod on input line 905.
LaTeX Info: Redefining \pmod on input line 910.
LaTeX Info: Redefining \smash on input line 940.
LaTeX Info: Redefining \relbar on input line 970.
LaTeX Info: Redefining \Relbar on input line 971.
\c@MaxMatrixCols=\count297
\dotsspace@=\muskip16
\c@parentequation=\count298
\dspbrk@lvl=\count299
\tag@help=\toks40
\row@=\count300
\column@=\count301
\maxfields@=\count302
\andhelp@=\toks41
\eqnshift@=\dimen267
\alignsep@=\dimen268
\tagshift@=\dimen269
\tagwidth@=\dimen270
\totwidth@=\dimen271
\lineht@=\dimen272
\@envbody=\toks42
\multlinegap=\skip51
\multlinetaggap=\skip52
\mathdisplay@stack=\toks43
LaTeX Info: Redefining \[ on input line 2953.
LaTeX Info: Redefining \] on input line 2954.
) (C:\Users\mauro\AppData\Local\Programs\MiKTeX\tex/latex/amscls\amsthm.sty
Package: amsthm 2020/05/29 v2.20.6
\thm@style=\toks44
\thm@bodyfont=\toks45
\thm@headfont=\toks46
\thm@notefont=\toks47
\thm@headpunct=\toks48
\thm@preskip=\skip53
\thm@postskip=\skip54
\thm@headsep=\skip55
\dth@everypar=\toks49
) (C:\Users\mauro\AppData\Local\Programs\MiKTeX\tex/latex/amsfonts\amsfonts.sty
Package: amsfonts 2013/01/14 v3.01 Basic AMSFonts support
\symAMSa=\mathgroup4
\symAMSb=\mathgroup5
LaTeX Font Info:    Redeclaring math symbol \hbar on input line 98.
LaTeX Font Info:    Overwriting math alphabet `\mathfrak' in version `bold'
(Font)                  U/euf/m/n --> U/euf/b/n on input line 106.
) (C:\Users\mauro\AppData\Local\Programs\MiKTeX\tex/latex/amsfonts\amssymb.sty
Package: amssymb 2013/01/14 v3.01 AMS font symbols
) (C:\Users\mauro\AppData\Local\Programs\MiKTeX\tex/latex/geometry\geometry.sty
Package: geometry 2020/01/02 v5.9 Page Geometry
 (C:\Users\mauro\AppData\Local\Programs\MiKTeX\tex/generic/iftex\ifvtex.sty
Package: ifvtex 2019/10/25 v1.7 ifvtex legacy package. Use iftex instead.
 (C:\Users\mauro\AppData\Local\Programs\MiKTeX\tex/generic/iftex\iftex.sty
Package: iftex 2022/02/03 v1.0f TeX engine tests
))
\Gm@cnth=\count303
\Gm@cntv=\count304
\c@Gm@tempcnt=\count305
\Gm@bindingoffset=\dimen273
\Gm@wd@mp=\dimen274
\Gm@odd@mp=\dimen275
\Gm@even@mp=\dimen276
\Gm@layoutwidth=\dimen277
\Gm@layoutheight=\dimen278
\Gm@layouthoffset=\dimen279
\Gm@layoutvoffset=\dimen280
\Gm@dimlist=\toks50
 (C:\Users\mauro\AppData\Local\Programs\MiKTeX\tex/latex/geometry\geometry.cfg)) (C:\Users\mauro\AppData\Local\Programs\MiKTeX\tex/latex/adjustbox\adjustbox.sty
Package: adjustbox 2022/10/17 v1.3a Adjusting TeX boxes (trim, clip, ...)
 (C:\Users\mauro\AppData\Local\Programs\MiKTeX\tex/latex/xkeyval\xkeyval.sty
Package: xkeyval 2022/06/16 v2.9 package option processing (HA)
 (C:\Users\mauro\AppData\Local\Programs\MiKTeX\tex/generic/xkeyval\xkeyval.tex (C:\Users\mauro\AppData\Local\Programs\MiKTeX\tex/generic/xkeyval\xkvutils.tex
\XKV@toks=\toks51
\XKV@tempa@toks=\toks52
)
\XKV@depth=\count306
File: xkeyval.tex 2014/12/03 v2.7a key=value parser (HA)
)) (C:\Users\mauro\AppData\Local\Programs\MiKTeX\tex/latex/adjustbox\adjcalc.sty
Package: adjcalc 2012/05/16 v1.1 Provides advanced setlength with multiple back-ends (calc, etex, pgfmath)
) (C:\Users\mauro\AppData\Local\Programs\MiKTeX\tex/latex/adjustbox\trimclip.sty
Package: trimclip 2020/08/19 v1.2 Trim and clip general TeX material
 (C:\Users\mauro\AppData\Local\Programs\MiKTeX\tex/latex/collectbox\collectbox.sty
Package: collectbox 2022/10/17 v0.4c Collect macro arguments as boxes
\collectedbox=\box65
)
\tc@llx=\dimen281
\tc@lly=\dimen282
\tc@urx=\dimen283
\tc@ury=\dimen284
Package trimclip Info: Using driver 'tc-pdftex.def'.
 (C:\Users\mauro\AppData\Local\Programs\MiKTeX\tex/latex/adjustbox\tc-pdftex.def
File: tc-pdftex.def 2019/01/04 v2.2 Clipping driver for pdftex
))
\adjbox@Width=\dimen285
\adjbox@Height=\dimen286
\adjbox@Depth=\dimen287
\adjbox@Totalheight=\dimen288
\adjbox@pwidth=\dimen289
\adjbox@pheight=\dimen290
\adjbox@pdepth=\dimen291
\adjbox@ptotalheight=\dimen292
 (C:\Users\mauro\AppData\Local\Programs\MiKTeX\tex/latex/ifoddpage\ifoddpage.sty
Package: ifoddpage 2022/10/18 v1.2 Conditionals for odd/even page detection
\c@checkoddpage=\count307
) (C:\Users\mauro\AppData\Local\Programs\MiKTeX\tex/latex/varwidth\varwidth.sty
Package: varwidth 2009/03/30 ver 0.92;  Variable-width minipages
\@vwid@box=\box66
\sift@deathcycles=\count308
\@vwid@loff=\dimen293
\@vwid@roff=\dimen294
)) (C:\Users\mauro\AppData\Local\Programs\MiKTeX\tex/latex/multirow\multirow.sty
Package: multirow 2021/03/15 v2.8 Span multiple rows of a table
\multirow@colwidth=\skip56
\multirow@cntb=\count309
\multirow@dima=\skip57
\bigstrutjot=\dimen295
) (C:\Users\mauro\AppData\Local\Programs\MiKTeX\tex/latex/tools\multicol.sty
Package: multicol 2021/11/30 v1.9d multicolumn formatting (FMi)
\c@tracingmulticols=\count310
\mult@box=\box67
\multicol@leftmargin=\dimen296
\c@unbalance=\count311
\c@collectmore=\count312
\doublecol@number=\count313
\multicoltolerance=\count314
\multicolpretolerance=\count315
\full@width=\dimen297
\page@free=\dimen298
\premulticols=\dimen299
\postmulticols=\dimen300
\multicolsep=\skip58
\multicolbaselineskip=\skip59
\partial@page=\box68
\last@line=\box69
\maxbalancingoverflow=\dimen301
\mult@rightbox=\box70
\mult@grightbox=\box71
\mult@firstbox=\box72
\mult@gfirstbox=\box73
\@tempa=\box74
\@tempa=\box75
\@tempa=\box76
\@tempa=\box77
\@tempa=\box78
\@tempa=\box79
\@tempa=\box80
\@tempa=\box81
\@tempa=\box82
\@tempa=\box83
\@tempa=\box84
\@tempa=\box85
\@tempa=\box86
\@tempa=\box87
\@tempa=\box88
\@tempa=\box89
\@tempa=\box90
\@tempa=\box91
\@tempa=\box92
\@tempa=\box93
\@tempa=\box94
\@tempa=\box95
\@tempa=\box96
\@tempa=\box97
\@tempa=\box98
\@tempa=\box99
\@tempa=\box100
\@tempa=\box101
\@tempa=\box102
\@tempa=\box103
\@tempa=\box104
\@tempa=\box105
\@tempa=\box106
\@tempa=\box107
\@tempa=\box108
\@tempa=\box109
\c@minrows=\count316
\c@columnbadness=\count317
\c@finalcolumnbadness=\count318
\last@try=\dimen302
\multicolovershoot=\dimen303
\multicolundershoot=\dimen304
\mult@nat@firstbox=\box110
\colbreak@box=\box111
\mc@col@check@num=\count319
) (C:\Users\mauro\AppData\Local\Programs\MiKTeX\tex/latex/setspace\setspace.sty
Package: setspace 2022/12/04 v6.7b set line spacing
) (C:\Users\mauro\AppData\Local\Programs\MiKTeX\tex/latex/subfig\subfig.sty
Package: subfig 2005/06/28 ver: 1.3 subfig package
 (C:\Users\mauro\AppData\Local\Programs\MiKTeX\tex/latex/caption\caption.sty
Package: caption 2023/03/12 v3.6j Customizing captions (AR)
 (C:\Users\mauro\AppData\Local\Programs\MiKTeX\tex/latex/caption\caption3.sty
Package: caption3 2023/03/12 v2.4 caption3 kernel (AR)
\caption@tempdima=\dimen305
\captionmargin=\dimen306
\caption@leftmargin=\dimen307
\caption@rightmargin=\dimen308
\caption@width=\dimen309
\caption@indent=\dimen310
\caption@parindent=\dimen311
\caption@hangindent=\dimen312
Package caption Info: Standard document class detected.
)
\c@caption@flags=\count320
\c@continuedfloat=\count321
)
\c@KVtest=\count322
\sf@farskip=\skip60
\sf@captopadj=\dimen313
\sf@capskip=\skip61
\sf@nearskip=\skip62
\c@subfigure=\count323
\c@subfigure@save=\count324
\c@lofdepth=\count325
\c@subtable=\count326
\c@subtable@save=\count327
\c@lotdepth=\count328
\sf@top=\skip63
\sf@bottom=\skip64
) (C:\Users\mauro\AppData\Local\Programs\MiKTeX\tex/latex/venndiagram\venndiagram.sty
Package: venndiagram 2018/06/07 v1.2 (NLCT) Venn diagrams
 (C:\Users\mauro\AppData\Local\Programs\MiKTeX\tex/latex/etoolbox\etoolbox.sty
Package: etoolbox 2020/10/05 v2.5k e-TeX tools for LaTeX (JAW)
\etb@tempcnta=\count329
)
\@venn@Ax=\skip65
\@venn@Ay=\skip66
\@venn@Bx=\skip67
\@venn@By=\skip68
\@venn@Cx=\skip69
\@venn@Cy=\skip70
\@venn@w=\skip71
\@venn@h=\skip72
\@venn@intersect@i@x=\skip73
\@venn@intersect@i@y=\skip74
\@venn@intersect@ii@x=\skip75
\@venn@intersect@ii@y=\skip76
) (C:\Users\mauro\AppData\Local\Programs\MiKTeX\tex/latex/tools\verbatim.sty
Package: verbatim 2022-07-02 v1.5u LaTeX2e package for verbatim enhancements
\every@verbatim=\toks53
\verbatim@line=\toks54
\verbatim@in@stream=\read4
) (C:\Users\mauro\AppData\Local\Programs\MiKTeX\tex/latex/enumitem\enumitem.sty
Package: enumitem 2019/06/20 v3.9 Customized lists
\labelindent=\skip77
\enit@outerparindent=\dimen314
\enit@toks=\toks55
\enit@inbox=\box112
\enit@count@id=\count330
\enitdp@description=\count331
) (C:\Users\mauro\AppData\Local\Programs\MiKTeX\tex/latex/mdframed\mdframed.sty
Package: mdframed 2013/07/01 1.9b: mdframed
 (C:\Users\mauro\AppData\Local\Programs\MiKTeX\tex/latex/kvoptions\kvoptions.sty
Package: kvoptions 2022-06-15 v3.15 Key value format for package options (HO)
 (C:\Users\mauro\AppData\Local\Programs\MiKTeX\tex/generic/ltxcmds\ltxcmds.sty
Package: ltxcmds 2020-05-10 v1.25 LaTeX kernel commands for general use (HO)
) (C:\Users\mauro\AppData\Local\Programs\MiKTeX\tex/latex/kvsetkeys\kvsetkeys.sty
Package: kvsetkeys 2022-10-05 v1.19 Key value parser (HO)
)) (C:\Users\mauro\AppData\Local\Programs\MiKTeX\tex/latex/l3packages/xparse\xparse.sty (C:\Users\mauro\AppData\Local\Programs\MiKTeX\tex/latex/l3kernel\expl3.sty
Package: expl3 2023-05-15 L3 programming layer (loader) 
 (C:\Users\mauro\AppData\Local\Programs\MiKTeX\tex/latex/l3backend\l3backend-pdftex.def
File: l3backend-pdftex.def 2023-04-19 L3 backend support: PDF output (pdfTeX)
\l__color_backend_stack_int=\count332
\l__pdf_internal_box=\box113
))
Package: xparse 2023-02-02 L3 Experimental document command parser
) (C:\Users\mauro\AppData\Local\Programs\MiKTeX\tex/latex/zref\zref-abspage.sty
Package: zref-abspage 2022-04-07 v2.34 Module abspage for zref (HO)
 (C:\Users\mauro\AppData\Local\Programs\MiKTeX\tex/latex/zref\zref-base.sty
Package: zref-base 2022-04-07 v2.34 Module base for zref (HO)
 (C:\Users\mauro\AppData\Local\Programs\MiKTeX\tex/generic/infwarerr\infwarerr.sty
Package: infwarerr 2019/12/03 v1.5 Providing info/warning/error messages (HO)
) (C:\Users\mauro\AppData\Local\Programs\MiKTeX\tex/generic/kvdefinekeys\kvdefinekeys.sty
Package: kvdefinekeys 2019-12-19 v1.6 Define keys (HO)
) (C:\Users\mauro\AppData\Local\Programs\MiKTeX\tex/generic/pdftexcmds\pdftexcmds.sty
Package: pdftexcmds 2020-06-27 v0.33 Utility functions of pdfTeX for LuaTeX (HO)
Package pdftexcmds Info: \pdf@primitive is available.
Package pdftexcmds Info: \pdf@ifprimitive is available.
Package pdftexcmds Info: \pdfdraftmode found.
) (C:\Users\mauro\AppData\Local\Programs\MiKTeX\tex/generic/etexcmds\etexcmds.sty
Package: etexcmds 2019/12/15 v1.7 Avoid name clashes with e-TeX commands (HO)
) (C:\Users\mauro\AppData\Local\Programs\MiKTeX\tex/latex/auxhook\auxhook.sty
Package: auxhook 2019-12-17 v1.6 Hooks for auxiliary files (HO)
)
Package zref Info: New property list: main on input line 767.
Package zref Info: New property: default on input line 768.
Package zref Info: New property: page on input line 769.
) (C:\Users\mauro\AppData\Local\Programs\MiKTeX\tex/latex/base\atbegshi-ltx.sty
Package: atbegshi-ltx 2021/01/10 v1.0c Emulation of the original atbegshi
package with kernel methods
)
\c@abspage=\count333
Package zref Info: New property: abspage on input line 65.
) (C:\Users\mauro\AppData\Local\Programs\MiKTeX\tex/latex/needspace\needspace.sty
Package: needspace 2010/09/12 v1.3d reserve vertical space
)
\mdf@templength=\skip78
\c@mdf@globalstyle@cnt=\count334
\mdf@skipabove@length=\skip79
\mdf@skipbelow@length=\skip80
\mdf@leftmargin@length=\skip81
\mdf@rightmargin@length=\skip82
\mdf@innerleftmargin@length=\skip83
\mdf@innerrightmargin@length=\skip84
\mdf@innertopmargin@length=\skip85
\mdf@innerbottommargin@length=\skip86
\mdf@splittopskip@length=\skip87
\mdf@splitbottomskip@length=\skip88
\mdf@outermargin@length=\skip89
\mdf@innermargin@length=\skip90
\mdf@linewidth@length=\skip91
\mdf@innerlinewidth@length=\skip92
\mdf@middlelinewidth@length=\skip93
\mdf@outerlinewidth@length=\skip94
\mdf@roundcorner@length=\skip95
\mdf@footenotedistance@length=\skip96
\mdf@userdefinedwidth@length=\skip97
\mdf@needspace@length=\skip98
\mdf@frametitleaboveskip@length=\skip99
\mdf@frametitlebelowskip@length=\skip100
\mdf@frametitlerulewidth@length=\skip101
\mdf@frametitleleftmargin@length=\skip102
\mdf@frametitlerightmargin@length=\skip103
\mdf@shadowsize@length=\skip104
\mdf@extratopheight@length=\skip105
\mdf@subtitleabovelinewidth@length=\skip106
\mdf@subtitlebelowlinewidth@length=\skip107
\mdf@subtitleaboveskip@length=\skip108
\mdf@subtitlebelowskip@length=\skip109
\mdf@subtitleinneraboveskip@length=\skip110
\mdf@subtitleinnerbelowskip@length=\skip111
\mdf@subsubtitleabovelinewidth@length=\skip112
\mdf@subsubtitlebelowlinewidth@length=\skip113
\mdf@subsubtitleaboveskip@length=\skip114
\mdf@subsubtitlebelowskip@length=\skip115
\mdf@subsubtitleinneraboveskip@length=\skip116
\mdf@subsubtitleinnerbelowskip@length=\skip117
 (C:\Users\mauro\AppData\Local\Programs\MiKTeX\tex/latex/mdframed\md-frame-0.mdf
File: md-frame-0.mdf 2013/07/01\ 1.9b: md-frame-0
)
\mdf@frametitlebox=\box114
\mdf@footnotebox=\box115
\mdf@splitbox@one=\box116
\mdf@splitbox@two=\box117
\mdf@splitbox@save=\box118
\mdfsplitboxwidth=\skip118
\mdfsplitboxtotalwidth=\skip119
\mdfsplitboxheight=\skip120
\mdfsplitboxdepth=\skip121
\mdfsplitboxtotalheight=\skip122
\mdfframetitleboxwidth=\skip123
\mdfframetitleboxtotalwidth=\skip124
\mdfframetitleboxheight=\skip125
\mdfframetitleboxdepth=\skip126
\mdfframetitleboxtotalheight=\skip127
\mdffootnoteboxwidth=\skip128
\mdffootnoteboxtotalwidth=\skip129
\mdffootnoteboxheight=\skip130
\mdffootnoteboxdepth=\skip131
\mdffootnoteboxtotalheight=\skip132
\mdftotallinewidth=\skip133
\mdfboundingboxwidth=\skip134
\mdfboundingboxtotalwidth=\skip135
\mdfboundingboxheight=\skip136
\mdfboundingboxdepth=\skip137
\mdfboundingboxtotalheight=\skip138
\mdf@freevspace@length=\skip139
\mdf@horizontalwidthofbox@length=\skip140
\mdf@verticalmarginwhole@length=\skip141
\mdf@horizontalspaceofbox=\skip142
\mdfsubtitleheight=\skip143
\mdfsubsubtitleheight=\skip144
\c@mdfcountframes=\count335

****** mdframed patching \endmdf@trivlist

****** -- success******

\mdf@envdepth=\count336
\c@mdf@env@i=\count337
\c@mdf@env@ii=\count338
\c@mdf@zref@counter=\count339
Package zref Info: New property: mdf@pagevalue on input line 895.
) (C:\Users\mauro\AppData\Local\Programs\MiKTeX\tex/latex/slashbox\slashbox.sty
slashbox style by K.Yasuoka, May 1993.
\@slashboxa=\box119
\@slashboxb=\box120
\@slashboxc=\box121
\@slashboxwd=\count340
\@slashboxht=\count341
\@slashsepl=\dimen315
\@slashsepr=\dimen316
) (C:\Users\mauro\AppData\Local\Programs\MiKTeX\tex/generic/pgf/libraries\pgflibraryarrows.meta.code.tex
File: pgflibraryarrows.meta.code.tex 2023-01-15 v3.1.10 (3.1.10)
\pgfarrowinset=\dimen317
\pgfarrowlength=\dimen318
\pgfarrowwidth=\dimen319
\pgfarrowlinewidth=\dimen320
) (C:\Users\mauro\AppData\Local\Programs\MiKTeX\tex/latex/tikz-bbox\pgflibrarybbox.code.tex) (C:\Users\mauro\AppData\Local\Programs\MiKTeX\tex/latex/stackengine\stackengine.sty
Package: stackengine 2021/07/22 v4.11\ Stacking text and objects in convenient ways
 (C:\Users\mauro\AppData\Local\Programs\MiKTeX\tex/latex/listofitems\listofitems.sty (C:\Users\mauro\AppData\Local\Programs\MiKTeX\tex/generic/listofitems\listofitems.tex
\loi_cnt_foreach_nest=\count342
\loi_nestcnt=\count343
)
Package: listofitems 2019/08/21 v1.63 Grab items in lists using user-specified sep char (CT)
) (C:\Users\mauro\AppData\Local\Programs\MiKTeX\tex/latex/tools\calc.sty
Package: calc 2017/05/25 v4.3 Infix arithmetic (KKT,FJ)
\calc@Acount=\count344
\calc@Bcount=\count345
\calc@Adimen=\dimen321
\calc@Bdimen=\dimen322
\calc@Askip=\skip145
\calc@Bskip=\skip146
LaTeX Info: Redefining \setlength on input line 80.
LaTeX Info: Redefining \addtolength on input line 81.
\calc@Ccount=\count346
\calc@Cskip=\skip147
)
\c@@stackindex=\count347
\@boxshift=\skip148
\stack@tmplength=\skip149
\temp@stkl=\skip150
\@stackedboxwidth=\skip151
\@addedbox=\box122
\@anchorbox=\box123
\@insetbox=\box124
\se@backgroundbox=\box125
\stackedbox=\box126
\@centerbox=\box127
\c@ROWcellindex@=\count348
) (C:\Users\mauro\AppData\Local\Programs\MiKTeX\tex/generic/pgf/frontendlayer/tikz/libraries\tikzlibrarybabel.code.tex
File: tikzlibrarybabel.code.tex 2023-01-15 v3.1.10 (3.1.10)
) (C:\Users\mauro\AppData\Local\Programs\MiKTeX\tex/generic/pgf/frontendlayer/tikz/libraries\tikzlibrarybackgrounds.code.tex
File: tikzlibrarybackgrounds.code.tex 2023-01-15 v3.1.10 (3.1.10)
\pgf@layerbox@background=\box128
\pgf@layerboxsaved@background=\box129
) (C:\Users\mauro\AppData\Local\Programs\MiKTeX\tex/generic/pgf/frontendlayer/tikz/libraries\tikzlibrarypositioning.code.tex
File: tikzlibrarypositioning.code.tex 2023-01-15 v3.1.10 (3.1.10)
) (C:\Users\mauro\AppData\Local\Programs\MiKTeX\tex/generic/pgf/frontendlayer/tikz/libraries\tikzlibraryfit.code.tex
File: tikzlibraryfit.code.tex 2023-01-15 v3.1.10 (3.1.10)
) (C:\Users\mauro\AppData\Local\Programs\MiKTeX\tex/generic/pgf/frontendlayer/tikz/libraries\tikzlibrarypetri.code.tex
File: tikzlibrarypetri.code.tex 2023-01-15 v3.1.10 (3.1.10)
) (C:\Users\mauro\AppData\Local\Programs\MiKTeX\tex/generic/pgf/frontendlayer/tikz/libraries\tikzlibraryshapes.code.tex
File: tikzlibraryshapes.code.tex 2023-01-15 v3.1.10 (3.1.10)
 (C:\Users\mauro\AppData\Local\Programs\MiKTeX\tex/generic/pgf/frontendlayer/tikz/libraries\tikzlibraryshapes.geometric.code.tex
File: tikzlibraryshapes.geometric.code.tex 2023-01-15 v3.1.10 (3.1.10)
 (C:\Users\mauro\AppData\Local\Programs\MiKTeX\tex/generic/pgf/libraries/shapes\pgflibraryshapes.geometric.code.tex
File: pgflibraryshapes.geometric.code.tex 2023-01-15 v3.1.10 (3.1.10)
)) (C:\Users\mauro\AppData\Local\Programs\MiKTeX\tex/generic/pgf/frontendlayer/tikz/libraries\tikzlibraryshapes.misc.code.tex
File: tikzlibraryshapes.misc.code.tex 2023-01-15 v3.1.10 (3.1.10)
 (C:\Users\mauro\AppData\Local\Programs\MiKTeX\tex/generic/pgf/libraries/shapes\pgflibraryshapes.misc.code.tex
File: pgflibraryshapes.misc.code.tex 2023-01-15 v3.1.10 (3.1.10)
)) (C:\Users\mauro\AppData\Local\Programs\MiKTeX\tex/generic/pgf/frontendlayer/tikz/libraries\tikzlibraryshapes.symbols.code.tex
File: tikzlibraryshapes.symbols.code.tex 2023-01-15 v3.1.10 (3.1.10)
 (C:\Users\mauro\AppData\Local\Programs\MiKTeX\tex/generic/pgf/libraries/shapes\pgflibraryshapes.symbols.code.tex
File: pgflibraryshapes.symbols.code.tex 2023-01-15 v3.1.10 (3.1.10)
)) (C:\Users\mauro\AppData\Local\Programs\MiKTeX\tex/generic/pgf/frontendlayer/tikz/libraries\tikzlibraryshapes.arrows.code.tex
File: tikzlibraryshapes.arrows.code.tex 2023-01-15 v3.1.10 (3.1.10)
 (C:\Users\mauro\AppData\Local\Programs\MiKTeX\tex/generic/pgf/libraries/shapes\pgflibraryshapes.arrows.code.tex
File: pgflibraryshapes.arrows.code.tex 2023-01-15 v3.1.10 (3.1.10)
)) (C:\Users\mauro\AppData\Local\Programs\MiKTeX\tex/generic/pgf/frontendlayer/tikz/libraries\tikzlibraryshapes.callouts.code.tex (C:\Users\mauro\AppData\Local\Programs\MiKTeX\tex/generic/pgf/libraries/shapes\pgflibraryshapes.callouts.code.tex)) (C:\Users\mauro\AppData\Local\Programs\MiKTeX\tex/generic/pgf/frontendlayer/tikz/libraries\tikzlibraryshapes.multipart.code.tex
File: tikzlibraryshapes.multipart.code.tex 2023-01-15 v3.1.10 (3.1.10)
 (C:\Users\mauro\AppData\Local\Programs\MiKTeX\tex/generic/pgf/libraries/shapes\pgflibraryshapes.multipart.code.tex
File: pgflibraryshapes.multipart.code.tex 2023-01-15 v3.1.10 (3.1.10)
\pgfnodepartlowerbox=\box130
\pgfnodeparttwobox=\box131
\pgfnodepartthreebox=\box132
\pgfnodepartfourbox=\box133
\pgfnodeparttwentybox=\box134
\pgfnodepartnineteenbox=\box135
\pgfnodeparteighteenbox=\box136
\pgfnodepartseventeenbox=\box137
\pgfnodepartsixteenbox=\box138
\pgfnodepartfifteenbox=\box139
\pgfnodepartfourteenbox=\box140
\pgfnodepartthirteenbox=\box141
\pgfnodeparttwelvebox=\box142
\pgfnodepartelevenbox=\box143
\pgfnodeparttenbox=\box144
\pgfnodepartninebox=\box145
\pgfnodeparteightbox=\box146
\pgfnodepartsevenbox=\box147
\pgfnodepartsixbox=\box148
\pgfnodepartfivebox=\box149
))) (C:\Users\mauro\AppData\Local\Programs\MiKTeX\tex/generic/pgf/frontendlayer/tikz/libraries\tikzlibraryshadows.code.tex
File: tikzlibraryshadows.code.tex 2023-01-15 v3.1.10 (3.1.10)
 (C:\Users\mauro\AppData\Local\Programs\MiKTeX\tex/generic/pgf/frontendlayer/tikz/libraries\tikzlibraryfadings.code.tex
File: tikzlibraryfadings.code.tex 2023-01-15 v3.1.10 (3.1.10)
 (C:\Users\mauro\AppData\Local\Programs\MiKTeX\tex/generic/pgf/libraries\pgflibraryfadings.code.tex
File: pgflibraryfadings.code.tex 2023-01-15 v3.1.10 (3.1.10)
))) (C:\Users\mauro\AppData\Local\Programs\MiKTeX\tex/latex/pgf-pie\pgf-pie.sty
Package: pgf-pie 2022/06/14 v0.7 Some LaTeX macros for pie chart by using PGF/Tikz package.
 (C:\Users\mauro\AppData\Local\Programs\MiKTeX\tex/latex/pgf-pie\tikzlibrarypie.code.tex (C:\Users\mauro\AppData\Local\Programs\MiKTeX\tex/latex/carlisle\scalefnt.sty)
\pgfpie@angleEnd=\dimen323
\pgfpie@explodeLength=\count349
\pgfpie@colorLength=\count350
\pgfpie@sliceLength=\count351
))
\c@teo=\count352
\c@defi=\count353
\c@conj=\count354
\c@propi=\count355
\c@ejer=\count356
\c@ejem=\count357
\c@obs=\count358
\c@caso=\count359
\c@conserva=\count360
\c@question=\count361
\c@choice=\count362
\allanswers=\box150
 (evaluacion.aux
LaTeX Info: Redefining \. on input line 10.
LaTeX Info: Redefining \% on input line 10.
)
\openout1 = `evaluacion.aux'.

LaTeX Font Info:    Checking defaults for OML/cmm/m/it on input line 178.
LaTeX Font Info:    ... okay on input line 178.
LaTeX Font Info:    Checking defaults for OMS/cmsy/m/n on input line 178.
LaTeX Font Info:    ... okay on input line 178.
LaTeX Font Info:    Checking defaults for OT1/cmr/m/n on input line 178.
LaTeX Font Info:    ... okay on input line 178.
LaTeX Font Info:    Checking defaults for T1/cmr/m/n on input line 178.
LaTeX Font Info:    ... okay on input line 178.
LaTeX Font Info:    Checking defaults for TS1/cmr/m/n on input line 178.
LaTeX Font Info:    ... okay on input line 178.
LaTeX Font Info:    Checking defaults for OMX/cmex/m/n on input line 178.
LaTeX Font Info:    ... okay on input line 178.
LaTeX Font Info:    Checking defaults for U/cmr/m/n on input line 178.
LaTeX Font Info:    ... okay on input line 178.
 (C:\Users\mauro\AppData\Local\Programs\MiKTeX\tex/context/base/mkii\supp-pdf.mkii
[Loading MPS to PDF converter (version 2006.09.02).]
\scratchcounter=\count363
\scratchdimen=\dimen324
\scratchbox=\box151
\nofMPsegments=\count364
\nofMParguments=\count365
\everyMPshowfont=\toks56
\MPscratchCnt=\count366
\MPscratchDim=\dimen325
\MPnumerator=\count367
\makeMPintoPDFobject=\count368
\everyMPtoPDFconversion=\toks57
) (C:\Users\mauro\AppData\Local\Programs\MiKTeX\tex/latex/epstopdf-pkg\epstopdf-base.sty
Package: epstopdf-base 2020-01-24 v2.11 Base part for package epstopdf
Package epstopdf-base Info: Redefining graphics rule for `.eps' on input line 485.
 (C:\Users\mauro\AppData\Local\Programs\MiKTeX\tex/latex/00miktex\epstopdf-sys.cfg
File: epstopdf-sys.cfg 2021/03/18 v2.0 Configuration of epstopdf for MiKTeX
))
Package pgfplots notification 'compat/show suggested version=true': document has been generated with the most recent feature set (\pgfplotsset{compat=1.18}).

LaTeX Info: Redefining \. on input line 178.
LaTeX Info: Redefining \% on input line 178.
*geometry* driver: auto-detecting
*geometry* detected driver: pdftex
*geometry* verbose mode - [ preamble ] result:
* driver: pdftex
* paper: letterpaper
* layout: <same size as paper>
* layoutoffset:(h,v)=(0.0pt,0.0pt)
* modes: twoside 
* h-part:(L,W,R)=(56.9055pt, 500.484pt, 56.9055pt)
* v-part:(T,H,B)=(56.9055pt, 681.15898pt, 56.9055pt)
* \paperwidth=614.295pt
* \paperheight=794.96999pt
* \textwidth=500.484pt
* \textheight=681.15898pt
* \oddsidemargin=-15.36449pt
* \evensidemargin=-15.36449pt
* \topmargin=-47.23828pt
* \headheight=12.0pt
* \headsep=19.8738pt
* \topskip=11.0pt
* \footskip=27.46295pt
* \marginparwidth=116.0pt
* \marginparsep=7.0pt
* \columnsep=10.0pt
* \skip\footins=10.0pt plus 4.0pt minus 2.0pt
* \hoffset=0.0pt
* \voffset=0.0pt
* \mag=1000
* \@twocolumnfalse
* \@twosidetrue
* \@mparswitchtrue
* \@reversemarginfalse
* (1in=72.27pt=25.4mm, 1cm=28.453pt)

Package caption Info: Begin \AtBeginDocument code.
Package caption Info: subfig package v1.3 is loaded.
Package caption Info: End \AtBeginDocument code.
LaTeX Font Info:    Trying to load font information for U+msa on input line 184.
(C:\Users\mauro\AppData\Local\Programs\MiKTeX\tex/latex/amsfonts\umsa.fd
File: umsa.fd 2013/01/14 v3.01 AMS symbols A
)
LaTeX Font Info:    Trying to load font information for U+msb on input line 184.
 (C:\Users\mauro\AppData\Local\Programs\MiKTeX\tex/latex/amsfonts\umsb.fd
File: umsb.fd 2013/01/14 v3.01 AMS symbols B
) [1{C:/Users/mauro/AppData/Local/MiKTeX/fonts/map/pdftex/pdftex.map}

]
Underfull \hbox (badness 10000) in paragraph at lines 343--345
[]\OT1/cmr/m/n/10.95 D) $2!3!4![][][]$
 []

[2] [3] [4] (evaluacion.aux
LaTeX Info: Redefining \. on input line 10.
LaTeX Info: Redefining \% on input line 10.
) ) 
Here is how much of TeX's memory you used:
 33651 strings out of 476411
 831888 string characters out of 5789134
 1872845 words of memory out of 5000000
 53389 multiletter control sequences out of 15000+600000
 517941 words of font info for 53 fonts, out of 8000000 for 9000
 1141 hyphenation exceptions out of 8191
 99i,5n,133p,826b,609s stack positions out of 10000i,1000n,20000p,200000b,200000s
 <C:\Users\mauro\AppData\Local\MiKTeX\fonts/pk/ljfour/jknappen/ec/dpi600\tcbx1095.pk><C:/Users/mauro/AppData/Local/Programs/MiKTeX/fonts/type1/public/amsfonts/cm/cmbx10.pfb><C:/Users/mauro/AppData/Local/Programs/MiKTeX/fonts/type1/public/amsfonts/cm/cmex10.pfb><C:/Users/mauro/AppData/Local/Programs/MiKTeX/fonts/type1/public/amsfonts/cm/cmmi10.pfb><C:/Users/mauro/AppData/Local/Programs/MiKTeX/fonts/type1/public/amsfonts/cm/cmmi8.pfb><C:/Users/mauro/AppData/Local/Programs/MiKTeX/fonts/type1/public/amsfonts/cm/cmr10.pfb><C:/Users/mauro/AppData/Local/Programs/MiKTeX/fonts/type1/public/amsfonts/cm/cmr8.pfb><C:/Users/mauro/AppData/Local/Programs/MiKTeX/fonts/type1/public/amsfonts/cm/cmsy10.pfb>
Output written on evaluacion.pdf (4 pages, 101269 bytes).
PDF statistics:
 82 PDF objects out of 1000 (max. 8388607)
 0 named destinations out of 1000 (max. 500000)
 109 words of extra memory for PDF output out of 10000 (max. 10000000)

